[    0.000000] Linux version 4.15.0-60-generic (buildd@lgw01-amd64-030) (gcc version 7.4.0 (Ubuntu 7.4.0-1ubuntu1~18.04.1)) #67-Ubuntu SMP Thu Aug 22 16:55:30 UTC 2019 (Ubuntu 4.15.0-60.67-generic 4.15.18)
[    0.000000] Command line: BOOT_IMAGE/boot/liuz-4.15.0-60-generic root=UUID=a5eb06e2-8eb1-4232-8570-2cc927993946 ro console=tty1 console=ttyS0
[    0.000000] KERNEL supported cpus:
[    0.0000]   Intel GenuineIntel
[    0.000000]   AMD AuthenticAMD
[    0.000000]   Centaur CentaurHauls
[    0.000000] x86/fpu: Supporting XSAVE feature 0x001: 'x87 floating point registers'
[    0.000000] x86/fpu: Supporting XSAVE feature 0x002: 'SSE registers'
[    0.000000] x86/fpu: Supporting XSAVE featu 0x004: 'AVX registers'
[    0.000000] x86/fpu: xstate_offset[2]:  576, xstate_sizes[2]:  256
[    0.000000] x86/fpu: Enabled xstate features 0x7, context size is 832 bytes, using 'standard' format.
[    0.000000] e820: BIOS-provided physical RAM map:
[    0.000000] BIOS-e820: [mem 0x0000000000000000-0x000000000009fbff usable
[    0.000000] BIOS-e820: [mem 0x000000000009fc00-0x000000000009ffff] reserved
[    0.000000] BIOS-e820: [mem 0x00000000000f0000-0x00000000000fffff] reserved
[    0.000000] BIOS-e820: [mem 0x0000000000100000-0x000000003ffeffff] usable
[    0.00000]BIS-e820: [memx000000003fff0000-0x0000003fffffff] ACPI data
[    0.000000] BIOS-e820: [mem 0x00000000fec00000-0x00000000fec00fff] reserved
[    0.000000] BIOS-e820: [mem 0x00000000fee00000-0x00000000fee00fff] reserved
[    0.000000] BIOS-e820: [mem 0x00000000fffc0000-0x00000000ffffffff] resrvd
[  0.00000] NX (Execute Disable) protection: active
[  0000000] SMBIOS 2.5 present.
[    0.000000] DM inotek GmbH VirtualBox/VirtualBox, BIOS VirtualBox 12/01/2006
[    0.000000] Hypervisor detected: KVM
[    0.000000] e820: last_pfn = 0x3fff0 max_arch_pfn = 0x400000000
[    0.000000] MTRR: Disabled
[    0.000000] x86/PAT: MTRRs disabled, skipping PAT initialization too.
[    0.000000] CPU MTRRs all blank - virtualized system.
[    0.000000] x86/PAT: Configuration [0-7]: WB  WT  UC- UC  WB  WT  UC- UC  
[  0.000000] found SMP MP-table at [mem0x0009fff0-0x0009ffff]
[    0.0000]Scanning 1 areas for low memory corruption
[    0.000000] RAMDISK: [mem 0x35983000-0x36cb8fff]
[    0.000000] ACPI: Early table checksum verification disabled
[    0.000000] ACPI: RSDP 0x0000000000E000000024 (v02 VBOX  )
[    0.000000] ACPI: XSDT 0x000000003FFF0030 00003C (v01 VBOX   VBOXXSDT 00000001 ASL  00000061)
[    0.000000] ACPI: FACP 0x000000003FFF00F0 0000F4 (v04 VBOX   VBOXFACP 00000001 ASL  00000061)
[    0.000000] ACPI: DSDT 0x000000003FFF0470 0021FF (v02 VBOX   VBOXBIOS 00000002 INTL 20100528)
[    0.000000] ACPI: FACS 0x000000003FFF0200 000040
[    0.000000] ACPI: FACS 0x000000003FFF0200 000040
[    0.000000] ACPI: APIC 0x000000003FFF0240 00005C (02 VBOX   VBOXAPIC 00000001 ASL  00000061)
[    0.000000] ACPI: SSDT 0x000000003FFF02A0 0001CC (v01 VBOX   VBOXCPUT 00000002 INTL 20100528)
[    0.0000] No NUMA nfiguration fond
[    0.000000] Faking a node at [mem 0x0000000000000000-0x000000003ffeffff]
[    0.000000] NODE_DATA(0) allocated [mem 0x3ffc5000-0x3ffeffff]
[    0.000000] kvm-clock: cpu 0, msr 0:3ff4400, rimary cpu clock
[    0.000000] kvm-clock: Using msrs 4b564d01 and 4b564d00
[    0.000000] kvm-clock: using sched offset of 7559759350 cycles
[    0.000000] clocksource: kvm-clock: mask: 0xffffffffffffffff max_cycles: 0x1cd42e4dffb, max_idle_ns: 881590591483 ns
[    0.000000] Zone ranges:
[    0.000000]   DMA      [mem 0x0000000000001000-0x0000000000ffffff]
[    0.000000]   DMA32    [mem 0x0000000001000000-0x000000003ffeffff]
[    0.000000]   Normal   empty
[    0.000000]   Device   empty
[    0.000000] Movable zone start for each node
[    0.000000] Early memory node ranges
[    0.000000]   node   0: [mem 0x0000000000001000-0x000000000009efff]
[    0.000000]   node   0: [mem 0x0000000000100000-0x000000003ffeffff]
[    0.000000] Reserved but unavailable: 98 pages
[    0.000000] Initmem setup node 0 [mem 0x0000000000001000-0x000000003ffeffff]
[    0.000000] ACPI: PM-Timer IO Port: 0x4008
[    0.000000] IOAPIC[0]: apic_id 2, version 32, address 0xfec00000, GSI 0-23
[    0.000000] ACPI: INT_SRC_OVR (bus 0 bus_irq 0 global_irq 2 dfl dfl)
[    0.000000] ACPI: INT_SRC_OVR (bus 0 bus_irq 9 global_irq 9 low level)
[    0.000000] Using ACPI (MADT) for SMP configuration information
[    0.000000] smpboot: Allowing 2 CPUs, 0 hotplug CPUs
[    0.000000] PM: Registered nosave memory: [mem 0x00000000-0x00000fff]
[    0.000000] PM: Registered nosave memory: [mem 0x0009f000-0x0009ffff]
[    0.000000] PM: Registered nosave memory: [mem 0x000a0000-0x000effff]
[    0.000000] PM: Registered nosave memory: [mem 0x000f0000-0x000fffff]
[    0.000000] e820: [mem 0x40000000-0xfebfffff] available for PCI devices
[    0.000000] Booting paravirtualized kernel on KVM
[    0.000000] clocksource: refined-jiffies: mask: 0xffffffff max_cycles: 0xffffffff, max_idle_ns: 7645519600211568 ns
[    0.000000] random: get_random_bytes called from start_kernel+0x99/0x4fd with crng_init=0
[    0.000000] setup_percpu: NR_CPUS:8192 nr_cpumask_bits:2 nr_cpu_ids:2 nr_node_ids:1
[    0.000000] percpu: Embedded 46 pages/cpu s151552 r8192 d28672 u1048576
[    0.000000] PV qspinlock hash table entries: 256 (order: 0, 4096 bytes)
[    0.000000] Built 1 zonelists, mobility grouping on.  Total pages: 257913
[    0.000000] Policy zone: DMA32
[    0.000000] Kernel command line: BOOT_IMAGE=/boot/vmlinuz-4.15.0-60-generic root=UUID=a5eb06e2-8eb1-4232-8570-2cc927993946 ro console=tty1 console=ttyS
[    0.000000] Memory: 982912K/104120K available (12300K kernel code, 2481K rwdata, 4172K rodata, 2436K init, 2384K bss, 65208K reserved, 0K cma-reserved)
[    0.000000] SLUB: HWalign=64, Order=0-3, MinObjects=0, CPUs=2, Nodes=1
[    0.000000] Kernel/User page tables isolation: enabled
[    0.000000] ftrace: allocating 39306 entries in 154 pages
[    0.004000] Hierarchical RCU implementation.
[    0.004000] 	RCU restricting CPUs from NR_CPUS=8192 to nr_cpu_ids=2.
[    0.004000] 	Tasks RCU enabled.
[    0.004000] RCU: Adjusting geometry for rcu_fanout_leaf=16, nr_cpu_ids=2
[    0.004000] NR_IRQS: 524544, nr_irqs: 440, preallocated irqs: 16
[    0.004000] Console: colour VGA+ 80x25
[    0.004000] console [tty1] enabled
[    0.004000] console [ttyS0] enabled
[    0.004000] ACPI: Core revision 20170831
[    0.004000] ACPI: 2 ACPI AML tables successfully acquired and loaded
[    0.004000] APIC: Switch to symmetric I/O mode setup
[    0.004000] x2apic enabled
[    0.004000] Switched APIC routing to physical x2apic.
[    0.004883] ..TIMER: vector=0x30 apic1=0 pin1=2 apic2=-1 pin2=-1
[    0.008006] tsc: Detected 2304.000 MHz processor
[    0.012011] Calibrating delay loop (skipped) preset value.. 4608.00 BogoMIPS (lpj=9216000)
[    0.016003] pid_max: default: 32768 minimum: 301
[    0.020038] Security Framework initialized
[    0.021289] Yama: becoming mindful.
[    0.022385] AppArmor: AppArmor initialized
[    0.024180] Dentry cache hash table entries: 131072 (order: 8, 1048576 bytes)
[    0.028054] Inode-cache hash table entries: 65536 (order: 7, 524288 bytes)
[    0.032017] Mount-cache hash table entries: 2048 (order: 2, 16384 bytes)
[    0.036005] Mountpoint-cache hash table entries: 2048 (order: 2, 16384 bytes)
[    0.040226] Last level iTLB entries: 4KB 64, 2MB 8, 4MB 8
[    0.044002] Last level dTLB entries: 4KB 64, 2MB 0, 4MB 0, 1GB 4
[    0.045786] Spectre V1 : Mitigation: usercopy/swapgs barriers and __user pointer sanitization
[    0.048003] Spectre V2 : Mitigation: Full generic retpoline
[    0.052002] Spectre V2 : Spectre v2 / SpectreRSB mitigation: Filling RSB on context switch
[    0.056001] Speculative Store Bypass: Vulnerable
[    0.057437] MDS: Vulnerable: Clear CPU buffers attempted, no microcode
[    0.060172] Freeing SMP alternatives memory: 36K
[    0.068000] smpboot: CPU0: Intel(R) Core(TM) i5-7360U CPU @ 2.30GHz (family: 0x6, model: 0x8e, stepping: 0x9)
[    0.068087] Performance Events: unsupported p6 CPU model 142 no PMU driver, software events only.
[    0.072035] Hierarchical SRCU implementation.
[    0.076530] NMI watchdog: Perf event create on CPU 0 failed with -2
[    0.078394] NMI watchdog: Perf NMI watchdog permanently disabled
[    0.080050] smp: Bringing up secondary CPUs ...
[    0.081506] x86: Booting SMP configuration:
[    0.084002] .... node  #0, CPUs:      #1
[    0.004000] kvm-clock: cpu 1, msr 0:3ff44041, secondary cpu clock
[    0.096016] smp: Brought up 1 node, 2 CPUs
[    0.100007] smpboot: Max logical packages: 1
[    0.104006] smpboot: Total of 2 processors activated (9216.00 BogoMIPS)
[    0.108144] devtmpfs: initialized
[    0.112051] x86/mm: Memory block size: 128MB
[    0.113488] evm: security.selinux
[    0.116003] evm: security.SMACK64
[    0.117037] evm: security.SMACK64EXEC
[    0.120003] evm: security.SMACK64TRANSMUTE
[    0.124002] evm: security.SMACK64MMAP
[    0.128002] evm: security.apparmor
[    0.129058] evm: security.ima
[    0.132006] evm: security.capability
[    0.133178] clocksource: jiffies: mask: 0xffffffff max_cycles: 0xffffffff, max_idle_ns: 7645041785100000 ns
[    0.136009] futex hash table entries: 512 (order: 3, 32768 bytes)
[    0.141655] pinctrl core: initialized pinctrl subsystem
[    0.144111] RTC time:  4:54:26, date: 09/12/19
[    0.148201] NET: Registered protocol family 16
[    0.152064] audit: initializing netlink subsys (disabled)
[    0.156052] audit: type=2000 audit(1568264074.027:1): state=initialized audit_enabled=0 res=1
[    0.276012] cpuidle: using governor ladder
[    0.280010] cpuidle: using governor menu
[    0.284057] ACPI: bus type PCI registered
[    0.288003] acpiphp: ACPI Hot Plug PCI Controller Driver version: 0.5
[    0.292132] PCI: Using configuration type 1 for base access
[    0.293841] HugeTLB registered 2.00 MiB page size, pre-allocated 0 pages
[    0.296079] ACPI: Added _OSI(Module Device)
[    0.300004] ACPI: Added _OSI(Processor Device)
[    0.301354] ACPI: Added _OSI(3.0 _SCP Extensions)
[    0.304003] ACPI: Added _OSI(Processor Aggregator Device)
[    0.308003] ACPI: Added _OSI(Linux-Dell-Video)
[    0.312003] ACPI: Added _OSI(Linux-Lenovo-NV-HDMI-Audio)
[    0.313605] ACPI: Added _OSI(Linux-HPI-Hybrid-Graphics)
[    0.316497] ACPI: Executed 1 blocks of module-level executable AML code
[    0.324780] ACPI: Interpreter enabled
[    0.325942] ACPI: (supports S0 S5)
[    0.327006] ACPI: Using IOAPIC for interrupt routing
[    0.328207] PCI: Using host bridge windows from ACPI; if necessary, use "pci=nocrs" and report a bug
[    0.332349] ACPI: Enabled 2 GPEs in block 00 to 07
[    0.350399] ACPI: PCI Root Bridge [PCI0] (domain 0000 [bus 00-ff])
[    0.352015] acpi PNP0A03:00: _OSC: OS supports [ASPM ClockPM Segments MSI]
[    0.356078] acpi PNP0A03:00: _OSC: not requesting OS control; OS requires [ExtendedConfig ASPM ClockPM MSI]
[    0.360046] acpi PNP0A03:00: fail to add MMCONFIG information, can't access extended PCI configuration space under this bridge.
[    0.364729] PCI host bridge to bus 0000:00
[    0.368032] pci_bus 0000:00: root bus resource [io  0x0000-0x0cf7 window]
[    0.372007] pci_bus 0000:00: root bus resource [io  0x0d00-0xffff window]
[    0.375079] pci_bus 0000:00: root bus resource [mem 0x000a0000-0x000bffff window]
[    0.376009] pci_bus 0000:00: root bus resource [mem 0x40000000-0xfdffffff window]
[    0.380013] pci_bus 0000:00: root bus resource [bus 00-ff]
[    0.389384] pci 0000:00:01.1: legacy IDE quirk: reg 0x10: [io  0x01f0-0x01f7]
[    0.392011] pci 0000:00:01.1: legacy IDE quirk: reg 0x14: [io  0x03f6]
[    0.396009] pci 0000:00:01.1: legacy IDE quirk: reg 0x18: [io  0x0170-0x0177]
[    0.400011] pci 0000:00:01.1: legacy IDE quirk: reg 0x1c: [io  0x0376]
[    0.422535] pci 0000:00:07.0: quirk: [io  0x4000-0x403f] claimed by PIIX4 ACPI
[    0.424023] pci 0000:00:07.0: quirk: [io  0x4100-0x410f] claimed by PIIX4 SMB
[    0.439040] ACPI: PCI Interrupt Link [LNKA] (IRQs 5 9 10 *11)
[    0.440309] ACPI: PCI Interrupt Link [LNKB] (IRQs 5 9 *10 11)
[    0.444139] ACPI: PCI Interrupt Link [LNKC] (IRQs 5 *9 10 11)
[    0.452026] ACPI: PCI Interrupt Link [LNKD] (IRQs 5 9 10 *11)
[    0.454140] SCSI subsystem initialized
[    0.455358] pci 0000:00:02.0: vgaarb: setting as boot VGA device
[    0.456000] pci 0000:00:02.0: vgaarb: VGA device added: decodes=io+mem,owns=io+mem,locks=none
[    0.456015] pci 0000:00:02.0: vgaarb: bridge control possible
[    0.460003] vgaarb: loaded
[    0.464047] ACPI: bus type USB registered
[    0.465311] usbcore: registered new interface driver usbfs
[    0.468015] usbcore: registered new interface driver hub
[    0.472038] usbcore: registered new device driver usb
[    0.476073] EDAC MC: Ver: 3.0.0
[    0.480370] PCI: Using ACPI for IRQ routing
[    0.484424] NetLabel: Initializing
[    0.488002] NetLabel:  domain hash size = 128
[    0.492002] NetLabel:  protocols = UNLABELED CIPSOv4 CALIPSO
[    0.496020] NetLabel:  unlabeled traffic allowed by default
[    0.500100] clocksource: Switched to clocksource kvm-clock
[    0.547493] VFS: Disk quotas dquot_6.6.0
[  0607]FSDqt-che hash table entries: 512 (order 0, 4096 bytes)
[    0.867305] AppArmor: AppArmor Filesystem Enabled
[    0.868804] pnp: PnP ACPI init
[  0.871099pn: P ACPI found 3 devices
[    1.102020] clocksource: acpi_pm: mask: 0xffffff max_cycles: 0xffffff, max_idle_ns: 2085701024 ns
[  1063]ETRestedrocofamily2

[    1.571368] TCP established hash table entries: 8192 (order: 4, 65536 bytes)
[    1.573643] TCP bind hash table entries: 8192 (order: 5, 3107bytes)
[  16547 TP:ash tables confire(eabsh 82 nd 8192)

[    2.167891] UDP hash tle entries: 512 (order: 2, 16384 bytes)
[    2.237696] UDP-Lite hash table entries: 512 (order: 2, 16384 bytes)
[    2.239290] NET: Registered protocol family 1
[    2.240676] pci 0000:00:00.0: Limiting direct PCI/PCI transfers
[    2.242278] pci 0000:00:01.0: Activating ISA DMA hngorrods[  2382]ci00:002: de device with shadowed ROM at [mem 0x000c0000-0x000dffff]
[    2.866489] Unpacking initramfs...
[    3.122430] Freeing initrd memory: 19672K
[    3.138604] clocksource: tsc: mask: 0xffffffffffffffff max_cycles: 0x2135f7c97c8, max_idle_ns: 440795273205 ns
[    3.157003] platform rtc_cmos: registered platform RTC device (no PNP device found)
[    3.165182] Scanning for low memory corruption every 60 seconds
[    3.167620] Initialise system trusted keyrings
[    3.184888] Key type blacklist registered
[    3.206546] workingset: timestamp_bits=36 max_order=18 bucket_order=0
[    3.214902] zbud: loaded
[    3.216294] squashfs: version 4.0 (2009/01/31) Phillip Lougher
[    3.223867] fuse init (API version 7.26)
[    3.234552] Key type asymmetric registered
[    3.235557] Asymmetric key parser 'x509' registered
[    3.236815] Block layer SCSI generic (bsg) driver version 0.4 loaded (major 246)
[    3.238727] io scheduler noop registered
[    3.251035] io scheduler deadline registered
[    3.252251] io scheduler cfq registered (default)
[    3.254115] ACPI: AC Adapter [AC] (on-line)
[    3.255639] input: Power Button as /devices/LNXSYSTM:00/LNXPWRBN:00/input/input0
[    3.257842] ACPI: Power Button [PWRF]
[    3.258868] input: Sleep Button as /devices/LNXSYSTM:00/LNXSLPBN:00/input/input1
[    3.260716] ACPI: Sleep Button [SLPF]
[    3.262127] Serial: 8250/16550 driver, 32 ports, IRQ sharing enabled
[    3.263796] ACPI: Battery Slot [BAT0] (battery present)
[    3.290436] 00:02: ttyS0 at I/O 0x3f8 (irq = 4, base_baud = 115200) is a 16550A
[    3.296273] Linux agpgart interface v0.103
[    3.302985] loop: module loaded
[    3.305877] scsi host0: ata_piix
[    3.307728] scsi host1: ata_piix
[    3.309444] ata1: PATA max UDMA/33 cmd 0x1f0 ctl 0x3f6 bmdma 0xd000 irq 14
[    3.318030] ata2: PATA max UDMA/33 cmd 0x170 ctl 0x376 bmdma 0xd008 irq 15
[    3.342189] libphy: Fixed MDIO Bus: probed
[    3.343522] tun: Universal TUN/TAP device driver, 1.6
[    3.344847] PPP generic driver version 2.4.2
[    3.346203] ehci_hcd: USB 2.0 'Enhanced' Host Controller (EHCI) Driver
[    3.370194] ehci-pci: EHCI PCI platform driver
[    3.400433] ehci-platform: EHCI generic platform driver
[    3.458506] ohci_hcd: USB 1.1 'Open' Host Controller (OHCI) Driver
[    3.467388] ohci-pci: OHCI PCI platform driver
[    3.468780] ohci-platform: OHCI generic platform driver
[    3.470369] uhci_hcd: USB Universal Host Controller Interface driver
[    3.483489] i8042: PNP: PS/2 Controller [PNP0303:PS2K,PNP0f03:PS2M] at 0x60,0x64 irq 1,12
[    3.486342] serio: i8042 KBD port at 0x60,0x64 irq 1
[    3.489055] serio: i8042 AUX port at 0x60,0x64 irq 12
[    3.510915] mousedev: PS/2 mouse device common for all mice
[    3.513204] rtc_cmos rtc_cmos: rtc core: registered rtc_cmos as rtc0
[    3.531504] input: AT Translated Set 2 keyboard as /devices/platform/i8042/serio0/input/input2
[    3.536536] rtc_cmos rtc_cmos: alarms up to one day, 114 bytes nvram
[    3.654817] i2c /dev entries driver
[    3.679682] device-mapper: uevent: version 1.0.3
[    3.757847] device-mapper: ioctl: 4.37.0-ioctl (2017-09-20) initialised: dm-devel@redhat.com
[    3.787027] ledtrig-cpu: registered to indicate activity on CPUs
[    3.807716] NET: Registered protocol family 10
[    3.859720] Segment Routing with IPv6
[    3.862229] NET: Registered protocol family 17
[    3.870513] Key type dns_resolver registered
[    3.882470] mce: Using 0 MCE banks
[    3.891988] RAS: Correctable Errors collector initialized.
[    3.918270] sched_clock: Marking stable (3918234644, 0)->(6484981511, -2566746867)
[    3.959662] registered taskstats version 1
[    3.988803] Loading compiled-in X.509 certificates
[    3.999649] Loaded X.509 cert 'Build time autogenerated kernel key: 9d88e3c0462fa0d2df2917e8bbfdfdd1c55d8ddc'
[    4.079446] zswap: loaded using pool lzo/zbud
[    4.109643] Key type big_key registered
[    4.159196] Key type trusted registered
[    4.188380] Key type encrypted registered
[    4.218532] AppArmor: AppArmor sha1 policy hashing enabled
[    4.272493] ima: No TPM chip found, activating TPM-bypass! (rc=-19)
[    4.296442] ima: Allocated hash algorithm: sha1
[    4.309840] evm: HMAC attrs: 0x1
[    4.311210]   Magic number: 3:233:919
[    4.312608] rtc_cmos rtc_cmos: setting system clock to 2019-09-12 04:54:31 UTC (1568264071)
[    4.315325] BIOS EDD facility v0.16 2004-Jun-25, 0 devices found
[    4.357426] EDD information not available.
[    4.361143] Freeing unused kernel image memory: 2436K
[    4.376064] Write protecting the kernel read-only data: 20480k
[    4.378917] Freeing unused kernel image memory: 2008K
[    4.381260] Freeing unused kernel image memory: 1972K
[    4.394399] x86/mm: Checked W+X mappings: passed, no W+X pages found.
[    4.397371] x86/mm: Checking user space page tables
[    4.410272] x86/mm: Checked W+X mappings: passed, no W+X pages found.
Loading, please wait...
starting version 237
[    4.487953] e1000: Intel(R) PRO/1000 Network Driver - version 7.3.21-k8-NAPI
[    4.549285] e1000: Copyright (c) 1999-2006 Intel Corporation.
[    4.562898] Fusion MPT base driver 3.04.20
[    4.564053] Copyright (c) 1999-2008 LSI Corporation
[    4.580971] Fusion MPT SPI Host driver 3.04.20
[    4.582749] AVX2 version of gcm_enc/dec engaged.
[    4.584401] AES CTR mode by8 optimization enabled
[    4.782466] input: ImExPS/2 Generic Explorer Mouse as /devices/platform/i8042/serio1/input/input4
[    5.004975] e1000 0000:00:03.0 eth0: (PCI:33MHz:32-bit) 02:26:45:5c:bc:af
[    5.012675] e1000 0000:00:03.0 eth0: Intel(R) PRO/1000 Network Connection
[    5.015925] mptbase: ioc0: Initiating bringup
[    6.180868] ioc0: LSI53C1030 A0: Capabilities={Initiator}
[    7.311908] scsi host2: ioc0: LSI53C1030 A0, FwRev=00000000h, Ports=1, MaxQ=256, IRQ=20
[    8.084148] scsi 2:0:0:0: Direct-Access     VBOX     HARDDISK         1.0  PQ: 0 ANSI: 5
[    8.328155] scsi target2:0:0: Beginning Domain Validation
[    8.339972] scsi target2:0:0: Domain Validation skipping write tests
[    8.350469] scsi target2:0:0: Ending Domain Validation
[    8.365948] scsi target2:0:0: asynchronous
[    8.367998] scsi 2:0:1:0: Direct-Access     VBOX     HARDDISK         1.0  PQ: 0 ANSI: 5
[    8.632054] scsi target2:0:1: Beginning Domain Validation
[    8.646704] random: fast init done
[    8.661209] scsi target2:0:1: Domain Validation skipping write tests
[    8.663050] scsi target2:0:1: Ending Domain Validation
[    8.664570] scsi target2:0:1: asynchronous
[    8.677704] random: systemd-udevd: uninitialized urandom read (16 bytes read)
[    8.680194] random: systemd-udevd: uninitialized urandom read (16 bytes read)
[    8.681922] random: systemd-udevd: uninitialized urandom read (16 bytes read)
[    8.683685] e1000 0000:00:08.0 eth1: (PCI:33MHz:32-bit) 08:00:27:6b:6f:82
[    8.683847] sd 2:0:0:0: Attached scsi generic sg0 type 0
[    8.693634] e1000 0000:00:08.0 eth1: Intel(R) PRO/1000 Network Connection
[    8.695739] sd 2:0:1:0: Attached scsi generic sg1 type 0
[    8.699519] sd 2:0:1:0: [sdb] 20480 512-byte logical blocks: (10.5 MB/10.0 MiB)
[    8.699896] e1000 0000:00:08.0 enp0s8: renamed from eth1
[    8.710768] sd 2:0:0:0: [sda] 20971520 512-byte logical blocks: (10.7 GB/10.0 GiB)
[    8.725988] sd 2:0:1:0: [sdb] Write Protect is off
[    8.738248] sd 2:0:0:0: [sda] Write Protect is off
[    8.745838] sd 2:0:0:0: [sda] Incomplete mode parameter data
[    8.745858] sd 2:0:1:0: [sdb] Incomplete mode parameter data
[    8.747374] sd 2:0:0:0: [sda] Assuming drive cache: write through
[    8.751404] sd 2:0:1:0: [sdb] Assuming drive cache: write through
[    8.773294] e1000 0000:00:03.0 enp0s3: renamed from eth0
[    8.781263]  sda: sda1
[    8.792272] sd 2:0:0:0: [sda] Attached SCSI disk
[    8.795839] sd 2:0:1:0: [sdb] Attached SCSI disk
Begin: Loading essential drivers ... [   10.360038] raid6: sse2x1   gen() 11869 MB/s
[   10.408259] raid6: sse2x1   xor()  8432 MB/s
[   10.464210] raid6: sse2x2   gen() 10308 MB/s
[   10.512375] raid6: sse2x2   xor()  8970 MB/s
[   10.580423] raid6: sse2x4   gen() 17103 MB/s
[   10.628591] raid6: sse2x4   xor() 10126 MB/s
[   10.714523] raid6: avx2x1   gen() 25027 MB/s
[   10.812045] raid6: avx2x1   xor() 16444 MB/s
[   10.924071] raid6: avx2x2   gen() 27017 MB/s
[   10.981419] raid6: avx2x2   xor() 16875 MB/s
[   11.084060] raid6: avx2x4   gen() 33554 MB/s
[   11.152156] raid6: avx2x4   xor() 13017 MB/s
[   11.155272] raid6: using algorithm avx2x4 gen() 33554 MB/s
[   11.157867] raid6: .... xor() 13017 MB/s, rmw enabled
[   11.160350] raid6: using avx2x2 recovery algorithm
[   11.168129] xor: automatically using best checksumming function   avx       
[   11.174208] async_tx: api initialized (async)
done.
Begin: Running /scripts/init-premount ... done.
Begin: Mounting root file system ... Begin: Running /scripts/local-top ... done.
Begin: Running /scripts/local-premount ... [   11.224626] Btrfs loaded, crc32c=crc32c-intel
Scanning for Btrfs filesystems
done.
Warning: fsck not present, so skipping root file system
[   11.299301] EXT4-fs (sda1): mounted filesystem with ordered data mode. Opts: (null)
done.
Begin: Running /scripts/local-bottom ... done.
Begin: Running /scripts/init-bottom ... done.
[   11.637581] ip_tables: (C) 2000-2006 Netfilter Core Team
[   11.648006] systemd[1]: systemd 237 running in system mode. (+PAM +AUDIT +SELINUX +IMA +APPARMOR +SMACK +SYSVINIT +UTMP +LIBCRYPTSETUP +GCRYPT +GNUTLS +ACL +XZ +LZ4 +SECCOMP +BLKID +ELFUTILS +KMOD -IDN2 +IDN -PCRE2 default-hierarchy=hybrid)
[   11.872779] systemd[1]: Detected virtualization oracle.
[   11.874428] systemd[1]: Detected architecture x86-64.

Welcome to [1mUbuntu 18.04.2 LTS[0m!

[   11.920913] systemd[1]: Set hostname to <ubuntu-bionic>.
[   12.587587] systemd[1]: Reached target Swap.
[[0;32m  OK  [0m] Reached target Swap.
[   12.592394] systemd[1]: Created slice System Slice.
[[0;32m  OK  [0m] Created slice System Slice.
[   12.632856] systemd[1]: Listening on LVM2 metadata daemon socket.
[[0;32m  OK  [0m] Listening on LVM2 metadata daemon socket.
[   12.769049] systemd[1]: Listening on LVM2 poll daemon socket.
[[0;32m  OK  [0m] Listening on LVM2 poll daemon socket.
[   12.810748] systemd[1]: Listening on udev Kernel Socket.
[[0;32m  OK  [0m] Listening on udev Kernel Socket.
[   12.905098] systemd[1]: Listening on /dev/initctl Compatibility Named Pipe.
[[0;32m  OK  [0m] Listening on /dev/initctl Compatibility Named Pipe.
[[0;32m  OK  [0m] Listening on udev Control Socket.
[[0;32m  OK  [0m] Listening on Journal Socket (/dev/log).
[[0;32m  OK  [0m] Reached target System Time Synchronized.
[[0;32m  OK  [0m] Listening on Device-mapper event daemon FIFOs.
[[0;32m  OK  [0m] Created slice User and Session Slice.
[[0;32m  OK  [0m] Created slice system-postgresql.slice.
[[0;32m  OK  [0m] Reached target Slices.
[[0;32m  OK  [0m] Started Forward Password Requests to Wall Directory Watch.
[[0;32m  OK  [0m] Created slice system-serial\x2dgetty.slice.
[[0;32m  OK  [0m] Listening on Journal Socket.
         Starting Remount Root and Kernel File Systems...
         Mounting Huge Pages File System...
         Starting Load Kernel Modules...
         Mounting POSIX M[   13.349086] EXT4-fs (sda1): re-mounted. Opts: (null)
essage Queue File System...
[[0;32m  OK  [0m] Listening on Syslog Socket.
         Starting Set the console keyboard layout...
[[0;32m  OK  [0m] Set up automount Arbitrary Executab…rmats File System Automount Point.
[   13.389870] Loading iSCSI transport class v2.0-870.
         Starting Create list of required st…ce nodes for the current kernel...
         Starting udev Coldplug all Devices...
[[0;32m  OK  [0m] Reached target User and Group Name Lookups.
         Starting Uncomplicated firewall...
         Starting Monitoring of LVM2 mirrors…ng dmeventd or progress polling...
         Mounting Kernel Debug File System...
[[0;32m  OK  [0m] Listening on Journal Audit Socket.
         Starting Journal Service...
[[0;32m  OK  [0m] Listening on Network Service Netlink Socket.
[[0;32m  OK  [0m[   13.454074] iscsi: registered transport (tcp)
] Started Remount Root and Kernel File Systems.
[[0;32m  OK  [0m] Mounted Huge Pages File System.
[[0;32m  OK  [0m] Mounted POSIX Message Queue File System.
[[0;32m  OK  [0m] Started Create list of required sta…vice nodes for the current kernel.
[[0;32m  OK  [0m] Mounted Kernel Debug File System.
         Starting Create Static Device Nodes in /dev...
         Starting Load/Save Random Seed...
[[0;32m  OK  [0m] Started Journal Service.
[[0;32m  OK  [0m] Started Uncomplicated firewall.
[[0;32m  OK  [0m] Started udev Coldplug all Devices.
[[0;32m  OK  [0m] Started Create Static Device Nodes in /dev.
[[0;32m  OK  [0m] Started Load/Save Random Seed.
         Starting udev Kernel Device Manager...
         Starting Flush Journal to Persistent Storage...
[[0;32m  OK  [0m] Started LVM2[   13.663683] random: crng init done
 metadata daemon.
[   13.674950] random: 7 urandom warning(s) missed due to ratelimiting
[   13.719562] iscsi: registered transport (iser)
[[0;32m  OK  [0m] Started Load Kernel Modules.
         Mounting Kernel Configuration File System...
         Mounting FUSE Control File System...
         Starting Apply Kernel Variables...
[[0;32m  OK  [0m] Mounted Kernel Configuration File System.
[[0;32m  OK  [0m] Mounted FUSE Control File System.
[[0;32m  OK  [0m] Started udev Kernel Device Manager.
[[0;32m  OK  [0m] Started Set the console keyboard layout.
[[0;32m  OK  [0m] Started Dispatch Password Requests to Console Directory Watch.
[[0;32m  OK  [0m] Reached target Local Encrypted Volumes.
[   13.784518] systemd-journald[408]: Received request to flush runtime journal from PID 1
[[0;32m  OK  [0m] Started Monitoring of LVM2 mirrors,…sing dmeventd or progress polling.
[[0;32m  OK  [0m] Reached target Local File Systems (Pre).
[[0;32m  OK  [0m] Reached target Local File Systems.
         Starting AppArmor initialization...
         Starting Tell Plymouth To Write Out Runtime Data...
         Starting Set console font and keymap...
         Starting ebtables ruleset management...
[[0;32m  OK  [0m] Started Apply Kernel Variables.
[[0;32m  OK  [0m] Started Tell Plymouth To Write Out Runtime Data.
[[0;32m  OK  [0m] Started Set console font and keymap.
[[0;32m  OK  [0m] Found device /dev/ttyS0.
[[0;32m  OK  [0m] Listening on Load/Save RF Kill Switch Status /dev/rfkill Watch.
[[0;32m  OK  [0m] Started ebtables ruleset management.
[[0;32m  OK  [0m] Started Flush Journal to Persistent Storage.
         Starting Create Volatile Files and Directories...
[[0;32m  OK  [0m] Started Create Volatile Files and Directories.
         Starting Update UTMP about System Boot/Shutdown...
[[0;32m  OK  [0m] Started Update UTMP about System Boot/Shutdown.
[[0;32m  OK  [0m] Started AppArmor initialization.
         Starting Initial cloud-init job (pre-networking)...
[   16.694529] cloud-init[587]: Cloud-init v. 19.1-1-gbaa47854-0ubuntu1~18.04.1 running 'init-local' at Thu, 12 Sep 2019 04:54:43 +0000. Up 16.49 seconds.
[[0;32m  OK  [0m] Started Initial cloud-init job (pre-networking).
[[0;32m  OK  [0m] Reached target Network (Pre).
         Starting Network Service...
[[0;32m  OK  [0m] Started Network Service.
         Starting Network Name Resolution...
         Starting Wait for Network to be Configured...
[[0;32m  OK  [0m] Started Network Name Resolution.
[[0;32m  OK  [0m] Reached target Network.
[[0;32m  OK  [0m] Reached target Host and Network Name Lookups.
[[0;32m  OK  [0m] Started Wait for Network to be Configured.
         Starting Initial cloud-init job (metadata service crawler)...
[   19.002609] cloud-init[712]: Cloud-init v. 19.1-1-gbaa47854-0ubuntu1~18.04.1 running 'init' at Thu, 12 Sep 2019 04:54:46 +0000. Up 18.87 seconds.
[   19.021867] cloud-init[712]: ci-info: ++++++++++++++++++++++++++++++++++++++Net device info+++++++++++++++++++++++++++++++++++++++
[   19.036855] cloud-init[712]: ci-info: +--------+------+-----------------------------+---------------+--------+-------------------+
[   19.058678] cloud-init[712]: ci-info: | Device |  Up  |           Address           |      Mask     | Scope  |     Hw-Address    |
[   19.065372] cloud-init[712]: ci-info: +--------+------+-----------------------------+---------------+--------+-------------------+
[   19.068979] cloud-init[712]: ci-info: | enp0s3 | True |          10.0.2.15          | 255.255.255.0 | global | 02:26:45:5c:bc:af |
[   19.072670] cloud-init[712]: ci-info: | enp0s3 | True |  fe80::26:45ff:fe5c:bcaf/64 |       .       |  link  | 02:26:45:5c:bc:af |
[   19.080080] cloud-init[712]: ci-info: | enp0s8 | True |        192.168.33.10        | 255.255.255.0 | global | 08:00:27:6b:6f:82 |
[   19.083288] cloud-init[712]: ci-info: | enp0s8 | True | fe80::a00:27ff:fe6b:6f82/64 |       .       |  link  | 08:00:27:6b:6f:82 |
[   19.117064] cloud-init[712]: ci-info: |   lo   | True |          127.0.0.1          |   255.0.0.0   |  host  |         .         |
[   19.150225] cloud-init[712]: ci-info: |   lo   | True |           ::1/128           |       .       |  host  |         .         |
[   19.173152] cloud-init[712]: ci-info: +--------+------+-----------------------------+---------------+--------+-------------------+
[   19.227119] cloud-init[712]: ci-info: +++++++++++++++++++++++++++++Route IPv4 info+++++++++++++++++++++++++++++
[   19.229702] cloud-init[712]: ci-info: +-------+--------------+----------+-----------------+-----------+-------+
[   19.231910] cloud-init[712]: ci-info: | Route | Destination  | Gateway  |     Genmask     | Interface | Flags |
[   19.251531] cloud-init[712]: ci-info: +-------+--------------+----------+-----------------+-----------+-------+
[   19.268902] cloud-init[712]: ci-info: |   0   |   0.0.0.0    | 10.0.2.2 |     0.0.0.0     |   enp0s3  |   UG  |
[   19.271258] cloud-init[712]: ci-info: |   1   |   10.0.2.0   | 0.0.0.0  |  255.255.255.0  |   enp0s3  |   U   |
[   19.273487] cloud-init[712]: ci-info: |   2   |   10.0.2.2   | 0.0.0.0  | 255.255.255.255 |   enp0s3  |   UH  |
[   19.275715] cloud-init[712]: ci-info: |   3   | 192.168.33.0 | 0.0.0.0  |  255.255.255.0  |   enp0s8  |   U   |
[   19.277990] cloud-init[712]: ci-info: +-------+--------------+----------+-----------------+-----------+-------+
[   19.288514] cloud-init[712]: ci-info: +++++++++++++++++++Route IPv6 info+++++++++++++++++++
[   19.290479] cloud-init[712]: ci-info: +-------+-------------+---------+-----------+-------+
[   19.292366] cloud-init[712]: ci-info: | Route | Destination | Gateway | Interface | Flags |
[   19.294183] cloud-init[712]: ci-info: +-------+-------------+---------+-----------+-------+
[   19.296011] cloud-init[712]: ci-info: |   1   |  fe80::/64  |    ::   |   enp0s8  |   U   |
[   19.297812] cloud-init[712]: ci-info: |   2   |  fe80::/64  |    ::   |   enp0s3  |   U   |
[   19.299720] cloud-init[712]: ci-info: |   4   |    local    |    ::   |   enp0s3  |   U   |
[   19.301583] cloud-init[712]: ci-info: |   5   |    local    |    ::   |   enp0s8  |   U   |
[   19.303432] cloud-init[712]: ci-info: |   6   |   ff00::/8  |    ::   |   enp0s8  |   U   |
[   19.305281] cloud-init[712]: ci-info: |   7   |   ff00::/8  |    ::   |   enp0s3  |   U   |
[   19.307124] cloud-init[712]: ci-info: +-------+-------------+---------+-----------+-------+
[[0;32m  OK  [0m] Started Initial cloud-init job (metadata service crawler).
[[0;32m  OK  [0m] Reached target Cloud-config availability.
[[0;32m  OK  [0m] Reached target Network is Online.
[[0;32m  OK  [0m] Reached target Remote File Systems (Pre).
[[0;32m  OK  [0m] Reached target Remote File Systems.
         Starting Availability of block devices...
[[0;32m  OK  [0m] Reached target System Initialization.
[[0;32m  OK  [0m] Started Daily Cleanup of Temporary Directories.
[[0;32m  OK  [0m] Listening on D-Bus System Message Bus Socket.
[[0;32m  OK  [0m] Started Discard unused blocks once a week.
[[0;32m  OK  [0m] Started ACPI Events Check.
[[0;32m  OK  [0m] Listening on UUID daemon activation socket.
[[0;32m  OK  [0m] Listening on ACPID Listen Socket.
[[0;32m  OK  [0m] Listening on Open-iSCSI iscsid Socket.
         Starting Socket activation for snappy daemon.
         Starting LXD - unix socket.
[[0;32m  OK  [0m] Started Daily apt download activities.
[[0;32m  OK  [0m] Started Daily apt upgrade and clean activities.
[[0;32m  OK  [0m] Started Message of the Day.
[[0;32m  OK  [0m] Reached target Timers.
[[0;32m  OK  [0m] Reached target Paths.
[[0;32m  OK  [0m] Started Availability of block devices.
[[0;32m  OK  [0m] Listening on Socket activation for snappy daemon.
[[0;32m  OK  [0m] Listening on LXD - unix socket.
[[0;32m  OK  [0m] Reached target Sockets.
[[0;32m  OK  [0m] Reached target Basic System.
         Starting LSB: Record successful boot for GRUB...
         Starting System Logging Service...
         Starting Resets System Activity Data Collector...
         Starting vboxadd.service...
         Starting Accounts Service...
[[0;32m  OK  [0m] Started Regular background program processing daemon.
         Starting Permit User Sessions...
         Starting Snappy daemon...
[[0;32m  OK  [0m] Started Deferred execution scheduler.
         Starting Login Service...
         Starting OpenBSD Secure Shell server...
         Starting Dispatcher daemon for systemd-networkd...
[[0;32m  OK  [0m] Started irqbalance daemon.
         Starting LXD - container startup/shutdown...
[[0;32m  OK  [0m] Started D-Bus System Message Bus.
[[0;32m  OK  [0m] Started Login Service.
[[0;32m  OK  [0m] Started Unattended Upgrades Shutdown.
         Starting PostgreSQL Cluster 10-main...
[[0;32m  OK  [0m] Started FUSE filesystem for LXC.
         Starting LSB: automatic crash report generation...
[[0;32m  OK  [0m] Started System Logging Service.
[[0;32m  OK  [0m] Started Snappy daemon.
[[0;32m  OK  [0m] Started Resets System Activity Data Collector.
[[0;32m  OK  [0m] Started Permit User Sessions.
         Starting Terminate Plymouth Boot Screen...
         Starting Hold until boot process finishes up...
         Starting Wait until snapd is fully seeded...
[[0;32m  OK  [0m] Started OpenBSD Secure Shell server.
[[0;32m  OK  [0m] Started Hold until boot process finishes up.
         Starting Set console scheme...
[[0;32m  OK  [0m] Started Serial Getty on ttyS0.
[[0;32m  OK  [0m] Started Terminate Plymouth Boot Screen.
[[0;32m  OK  [0m] Started Set console scheme.
[[0;32m  OK  [0m] Created slice system-getty.slice.
[[0;32m  OK  [0m] Started Getty on tty1.
[[0;32m  OK  [0m] Reached target Login Prompts.
[[0;32m  OK  [0m] Started Wait until snapd is fully seeded.
         Starting Apply the settings specified in cloud-config...
         Starting Authorization Manager...
[[0;32m  OK  [0m] Started LSB: Record successful boot for GRUB.
[[0;32m  OK  [0m] Started LSB: automatic crash report generation.
[[0;32m  OK  [0m] Started Authorization Manager.
[[0;32m  OK  [0m] Started Accounts Service.
[[0;32m  OK  [0m] Started vboxadd.service.
         Starting vboxadd-service.service...
[[0;32m  OK  [0m] Created slice User Slice of vagrant.
[   21.553907] cloud-init[1132]: Cloud-init v. 19.1-1-gbaa47854-0ubuntu1~18.04.1 running 'modules:config' at Thu, 12 Sep 2019 04:54:48 +0000. Up 21.34 seconds.
[[0;32m  OK  [0m] Started Dispatcher daemon for systemd-networkd.
[[0;32m  OK  [0m] Started Apply the settings specified in cloud-config.
[[0;32m  OK  [0m] Started vboxadd-service.service.
[[0;32m  OK  [0m] Started Session 1 of user vagrant.
         Starting User Manager for UID 1000...
[[0;32m  OK  [0m] Started LXD - container startup/shutdown.
[[0;32m  OK  [0m] Started User Manager for UID 1000.
[[0;32m  OK  [0m] Started PostgreSQL Cluster 10-main.
         Starting PostgreSQL RDBMS...
[[0;32m  OK  [0m] Started PostgreSQL RDBMS.
[[0;32m  OK  [0m] Reached target Multi-User System.
[[0;32m  OK  [0m] Reached target Graphical Interface.
         Starting Update UTMP about System Runlevel Changes...
         Starting Execute cloud user/final scripts...
[[0;32m  OK  [0m] Started Update UTMP about System Runlevel Changes.
[   25.995972] cloud-init[1596]: Cloud-init v. 19.1-1-gbaa47854-0ubuntu1~18.04.1 running 'modules:final' at Thu, 12 Sep 2019 04:54:53 +0000. Up 25.87 seconds.
[   26.003227] cloud-init[1596]: Cloud-init v. 19.1-1-gbaa47854-0ubuntu1~18.04.1 finished at Thu, 12 Sep 2019 04:54:53 +0000. Datasource DataSourceNoCloud [seed=/dev/sdb][dsmode=net].  Up 25.98 seconds

Ubuntu 18.04.2 LTS ubuntu-bionic ttyS0

ubuntu-bionic login: 